<?xml version="1.0" encoding="UTF-8"?>
<!-- Generated by org.testng.reporters.JUnitXMLReporter -->
<testsuite ignored="1" hostname="MREMF0CF5310" failures="0" tests="3" name="Test" time="0.067" errors="0" timestamp="2024-02-16T16:44:46 CET">
  <testcase classname="packagetwo.Grouping_testcases" name="add" time="0.015"/>
  <testcase classname="packagetwo.Grouping_testcases" name="mul" time="0.001"/>
  <testcase classname="packagetwo.Grouping_testcases" name="sub" time="0.002"/>
  <testcase classname="packagetwo.Grouping_testcases" name="div" time="0.0">
    <ignored/>
  </testcase> <!-- div -->
</testsuite> <!-- Test -->
