<?xml version="1.0" encoding="UTF-8"?>
<!-- Generated by org.testng.reporters.JUnitXMLReporter -->
<testsuite ignored="2" hostname="MREMF0CF5310" failures="0" tests="2" name="Test" time="0.065" errors="0" timestamp="2024-02-21T10:27:37 CET">
  <testcase classname="packagetwo.Grouping_testcases" name="add" time="0.014"/>
  <testcase classname="packagetwo.Grouping_testcases" name="sub" time="0.002"/>
  <testcase classname="packagetwo.Grouping_testcases" name="mul" time="0.0">
    <ignored/>
  </testcase> <!-- mul -->
  <testcase classname="packagetwo.Grouping_testcases" name="div" time="0.0">
    <ignored/>
  </testcase> <!-- div -->
</testsuite> <!-- Test -->
