<?xml version="1.0" encoding="UTF-8"?>
<testng-results ignored="0" total="1" passed="1" failed="0" skipped="0">
  <reporter-output>
  </reporter-output>
  <suite started-at="2024-02-23T17:08:10 CET" name="Default suite" finished-at="2024-02-23T17:08:58 CET" duration-ms="47601">
    <groups>
    </groups>
    <test started-at="2024-02-23T17:08:10 CET" name="Default test" finished-at="2024-02-23T17:08:58 CET" duration-ms="47601">
      <class name="packagetwo.Class_assertion2">
        <test-method signature="testmethod()[pri:0, instance:packagetwo.Class_assertion2@2cd2a21f]" started-at="2024-02-23T17:08:10 CET" name="testmethod" finished-at="2024-02-23T17:08:58 CET" duration-ms="47556" status="PASS">
          <reporter-output>
          </reporter-output>
        </test-method> <!-- testmethod -->
      </class> <!-- packagetwo.Class_assertion2 -->
    </test> <!-- Default test -->
  </suite> <!-- Default suite -->
</testng-results>
